[debug] [2024-01-19T13:35:40.449Z] ----------------------------------------------------------------------
[debug] [2024-01-19T13:35:40.452Z] Command:       C:\Program Files\nodejs\node.exe C:\Users\vaish\AppData\Roaming\npm\node_modules\firebase-tools\lib\bin\firebase.js init
[debug] [2024-01-19T13:35:40.452Z] CLI Version:   13.0.3
[debug] [2024-01-19T13:35:40.453Z] Platform:      win32
[debug] [2024-01-19T13:35:40.453Z] Node Version:  v20.11.0
[debug] [2024-01-19T13:35:40.453Z] Time:          Fri Jan 19 2024 19:05:40 GMT+0530 (India Standard Time)
[debug] [2024-01-19T13:35:40.453Z] ----------------------------------------------------------------------
[debug] 
[debug] [2024-01-19T13:35:40.461Z] > command requires scopes: ["email","openid","https://www.googleapis.com/auth/cloudplatformprojects.readonly","https://www.googleapis.com/auth/firebase","https://www.googleapis.com/auth/cloud-platform"]
[debug] [2024-01-19T13:35:40.462Z] > authorizing via signed-in user (bhatsujal463@gmail.com)
[info] 
     ######## #### ########  ######## ########     ###     ######  ########
     ##        ##  ##     ## ##       ##     ##  ##   ##  ##       ##
     ######    ##  ########  ######   ########  #########  ######  ######
     ##        ##  ##    ##  ##       ##     ## ##     ##       ## ##
     ##       #### ##     ## ######## ########  ##     ##  ######  ########

You're about to initialize a Firebase project in this directory:

  C:\Users\vaish\my-app

[info] 
=== Project Setup
[info] 
[info] First, let's associate this project directory with a Firebase project.
[info] You can create multiple project aliases by running firebase use --add, 
[info] but for now we'll just set up a default project.
[info] 
[debug] [2024-01-19T13:36:53.142Z] >>> [apiv2][query] GET https://firebase.googleapis.com/v1beta1/projects pageSize=100
[debug] [2024-01-19T13:36:54.031Z] <<< [apiv2][status] GET https://firebase.googleapis.com/v1beta1/projects 200
[debug] [2024-01-19T13:36:54.031Z] <<< [apiv2][body] GET https://firebase.googleapis.com/v1beta1/projects [omitted]
[info] i  Using project smartvillage-c884a (SmartVillage) 
[info] 
=== Hosting Setup
[debug] [2024-01-19T13:37:15.362Z] >>> [apiv2][query] GET https://firebase.googleapis.com/v1beta1/projects/smartvillage-c884a [none]
[debug] [2024-01-19T13:37:15.925Z] <<< [apiv2][status] GET https://firebase.googleapis.com/v1beta1/projects/smartvillage-c884a 200
[debug] [2024-01-19T13:37:15.925Z] <<< [apiv2][body] GET https://firebase.googleapis.com/v1beta1/projects/smartvillage-c884a {"projectId":"smartvillage-c884a","projectNumber":"708816916019","displayName":"SmartVillage","name":"projects/smartvillage-c884a","resources":{"hostingSite":"smartvillage-c884a"},"state":"ACTIVE","etag":"1_b8580d4b-d77a-4780-abca-cdf330247673"}
[info] 
[info] Your public directory is the folder (relative to your project directory) that
[info] will contain Hosting assets to be uploaded with firebase deploy. If you
[info] have a build process for your assets, use your build's output directory.
[info] 
[debug] [2024-01-19T13:48:12.700Z] >>> [apiv2][query] GET https://www.gstatic.com/firebasejs/releases.json [none]
[debug] [2024-01-19T13:48:12.816Z] <<< [apiv2][status] GET https://www.gstatic.com/firebasejs/releases.json 200
[debug] [2024-01-19T13:48:12.816Z] <<< [apiv2][body] GET https://www.gstatic.com/firebasejs/releases.json {"current":{"version":"10.7.2","browserURL":"https://www.gstatic.com/firebasejs/10.7.2/firebase.js","packageURL":"https://www.gstatic.com/firebasejs/10.7.2/firebase.tgz"},"live":{"version":"10.7","browserURL":"https://www.gstatic.com/firebasejs/live/10.7/firebase.js","packageURL":"https://www.gstatic.com/firebasejs/live/10.7/firebase.tgz"},"components":{"analytics":"https://www.gstatic.com/firebasejs/10.7.2/firebase-analytics.js","app":"https://www.gstatic.com/firebasejs/10.7.2/firebase-app.js","app-check":"https://www.gstatic.com/firebasejs/10.7.2/firebase-app-check.js","auth":"https://www.gstatic.com/firebasejs/10.7.2/firebase-auth.js","auth/cordova":"https://www.gstatic.com/firebasejs/10.7.2/firebase-auth/cordova.js","functions":"https://www.gstatic.com/firebasejs/10.7.2/firebase-functions.js","firestore":"https://www.gstatic.com/firebasejs/10.7.2/firebase-firestore.js","firestore/lite":"https://www.gstatic.com/firebasejs/10.7.2/firebase-firestore/lite.js","installations":"https://www.gstatic.com/firebasejs/10.7.2/firebase-installations.js","storage":"https://www.gstatic.com/firebasejs/10.7.2/firebase-storage.js","performance":"https://www.gstatic.com/firebasejs/10.7.2/firebase-performance.js","remote-config":"https://www.gstatic.com/firebasejs/10.7.2/firebase-remote-config.js","messaging":"https://www.gstatic.com/firebasejs/10.7.2/firebase-messaging.js","messaging/sw":"https://www.gstatic.com/firebasejs/10.7.2/firebase-messaging/sw.js","database":"https://www.gstatic.com/firebasejs/10.7.2/firebase-database.js","firestore.memory":"https://www.gstatic.com/firebasejs/10.7.2/firebase-firestore.memory.js"}}
[info] i  Skipping write of build/index.html 
[info] 
[info] i  Didn't detect a .git folder. Assuming C:\Users\vaish\my-app is the project root. 
[info] i  Authorizing with GitHub to upload your service account to a GitHub repository's secrets store. 
[info] 
[info] Visit this URL on this device to log in:
[info] https://github.com/login/oauth/authorize?client_id=89cf50f02ac6aaed3484&state=195324084&redirect_uri=http%3A%2F%2Flocalhost%3A9005&scope=read%3Auser%20repo%20public_repo
[info] 
[info] Waiting for authentication...
[debug] [2024-01-19T13:52:35.707Z] >>> [apiv2][query] POST https://github.com/login/oauth/access_token [none]
[debug] [2024-01-19T13:52:35.707Z] >>> [apiv2][body] POST https://github.com/login/oauth/access_token [stream]
[debug] [2024-01-19T13:52:36.115Z] <<< [apiv2][status] POST https://github.com/login/oauth/access_token 200
[debug] [2024-01-19T13:52:36.115Z] <<< [apiv2][body] POST https://github.com/login/oauth/access_token {"access_token":"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","token_type":"bearer","scope":"read:user,repo"}
[debug] [2024-01-19T13:52:36.130Z] >>> [apiv2][query] GET https://api.github.com/user [none]
[debug] [2024-01-19T13:52:36.501Z] <<< [apiv2][status] GET https://api.github.com/user 200
[debug] [2024-01-19T13:52:36.501Z] <<< [apiv2][body] GET https://api.github.com/user {"login":"AyushA707","id":157130766,"node_id":"U_kgDOCV2gDg","avatar_url":"https://avatars.githubusercontent.com/u/157130766?v=4","gravatar_id":"","url":"https://api.github.com/users/AyushA707","html_url":"https://github.com/AyushA707","followers_url":"https://api.github.com/users/AyushA707/followers","following_url":"https://api.github.com/users/AyushA707/following{/other_user}","gists_url":"https://api.github.com/users/AyushA707/gists{/gist_id}","starred_url":"https://api.github.com/users/AyushA707/starred{/owner}{/repo}","subscriptions_url":"https://api.github.com/users/AyushA707/subscriptions","organizations_url":"https://api.github.com/users/AyushA707/orgs","repos_url":"https://api.github.com/users/AyushA707/repos","events_url":"https://api.github.com/users/AyushA707/events{/privacy}","received_events_url":"https://api.github.com/users/AyushA707/received_events","type":"User","site_admin":false,"name":null,"company":null,"blog":"","location":null,"email":null,"hireable":null,"bio":null,"twitter_username":null,"public_repos":0,"public_gists":0,"followers":0,"following":0,"created_at":"2024-01-19T13:51:13Z","updated_at":"2024-01-19T13:51:13Z","private_gists":0,"total_private_repos":0,"owned_private_repos":0,"disk_usage":0,"collaborators":0,"two_factor_authentication":false,"plan":{"name":"free","space":976562499,"collaborators":0,"private_repos":10000}}
[info] 
[info] +  Success! Logged into GitHub as AyushA707 
[info] 
